<?xml version="1.0" encoding="UTF-8" ?>
<testsuite tests="3" failures="0" name="com.mycompany.warrunnergame.HumanPlayerTest" time="0.005" errors="0" skipped="0">
  <properties>
[...]
</properties>
  <testcase classname="com.mycompany.warrunnergame.HumanPlayerTest" name="com.mycompany.warrunnergame.HumanPlayerTest.testHasCardsBoundry" time="0.005"/>
  <testcase classname="com.mycompany.warrunnergame.HumanPlayerTest" name="com.mycompany.warrunnergame.HumanPlayerTest.testHasCardsBad" time="0"/>
  <testcase classname="com.mycompany.warrunnergame.HumanPlayerTest" name="com.mycompany.warrunnergame.HumanPlayerTest.testHasCardsGood" time="0"/>
</testsuite>